<?xml version="1.0" encoding="utf-8"?><testsuites name="pytest tests"><testsuite name="pytest" errors="0" failures="0" skipped="0" tests="20" time="31.599" timestamp="2026-04-28T07:07:44.897935+00:00" hostname="agent-env-312be495-c3b7-43d1-a120-a03d9834ea47"><testcase classname="tests.test_daily_api.TestDailyEndpoint" name="test_daily_no_hour_has_moon_no_rising" time="0.202" /><testcase classname="tests.test_daily_api.TestDailyEndpoint" name="test_daily_hour8_en_dawn" time="0.052" /><testcase classname="tests.test_daily_api.TestDailyEndpoint" name="test_daily_hour13_fr_midday" time="0.053" /><testcase classname="tests.test_daily_api.TestDailyEndpoint" name="test_daily_invalid_hour_422[24]" time="0.056" /><testcase classname="tests.test_daily_api.TestDailyEndpoint" name="test_daily_invalid_hour_422[-1]" time="0.047" /><testcase classname="tests.test_daily_api.TestDailyEndpoint" name="test_daily_invalid_hour_422[100]" time="0.048" /><testcase classname="tests.test_daily_api.TestDailyEndpoint" name="test_daily_band_mapping[3-night]" time="0.048" /><testcase classname="tests.test_daily_api.TestDailyEndpoint" name="test_daily_band_mapping[6-dawn]" time="0.046" /><testcase classname="tests.test_daily_api.TestDailyEndpoint" name="test_daily_band_mapping[10-morning]" time="0.049" /><testcase classname="tests.test_daily_api.TestDailyEndpoint" name="test_daily_band_mapping[13-midday]" time="0.047" /><testcase classname="tests.test_daily_api.TestDailyEndpoint" name="test_daily_band_mapping[16-afternoon]" time="0.049" /><testcase classname="tests.test_daily_api.TestDailyEndpoint" name="test_daily_band_mapping[19-evening]" time="0.048" /><testcase classname="tests.test_daily_api.TestDailyEndpoint" name="test_daily_band_mapping[22-night]" time="0.050" /><testcase classname="tests.test_daily_api.TestDailyEndpoint" name="test_daily_fr_has_french_fields" time="0.048" /><testcase classname="tests.test_daily_api.TestDailyDeepEndpoint" name="test_deep_en_hour10" time="15.549" /><testcase classname="tests.test_daily_api.TestDailyDeepEndpoint" name="test_deep_fr_hour19" time="14.914" /><testcase classname="tests.test_daily_api.TestDailyDeepEndpoint" name="test_deep_invalid_hour_422[25]" time="0.067" /><testcase classname="tests.test_daily_api.TestDailyDeepEndpoint" name="test_deep_invalid_hour_422[-3]" time="0.051" /><testcase classname="tests.test_daily_api.TestDailyDeepEndpoint" name="test_deep_invalid_hour_422[100]" time="0.050" /><testcase classname="tests.test_daily_api.TestDailyDeepEndpoint" name="test_deep_bad_iso_date_422" time="0.050" /></testsuite></testsuites>