<?xml version="1.0" encoding="utf-8"?><testsuites name="pytest tests"><testsuite name="pytest" errors="0" failures="0" skipped="0" tests="39" time="6.492" timestamp="2026-04-28T06:34:30.690949+00:00" hostname="agent-env-312be495-c3b7-43d1-a120-a03d9834ea47"><testcase classname="backend.tests.test_pick_excerpt" name="test_empty_string_returns_empty" time="0.000" /><testcase classname="backend.tests.test_pick_excerpt" name="test_none_returns_empty" time="0.000" /><testcase classname="backend.tests.test_pick_excerpt" name="test_whitespace_only_returns_empty" time="0.000" /><testcase classname="backend.tests.test_pick_excerpt" name="test_single_newline_only_returns_empty" time="0.000" /><testcase classname="backend.tests.test_pick_excerpt" name="test_short_single_paragraph_under_max_is_returned_verbatim" time="0.000" /><testcase classname="backend.tests.test_pick_excerpt" name="test_single_paragraph_at_exact_max_is_returned_verbatim" time="0.000" /><testcase classname="backend.tests.test_pick_excerpt" name="test_single_paragraph_over_max_trims_at_sentence_break" time="0.000" /><testcase classname="backend.tests.test_pick_excerpt" name="test_single_paragraph_over_max_without_sentence_break_uses_ellipsis" time="0.000" /><testcase classname="backend.tests.test_pick_excerpt" name="test_multi_paragraph_picks_first_substantive_paragraph" time="0.000" /><testcase classname="backend.tests.test_pick_excerpt" name="test_all_paragraphs_too_short_falls_back_to_first" time="0.000" /><testcase classname="backend.tests.test_pick_excerpt" name="test_paragraphs_separated_by_many_newlines_still_split" time="0.000" /><testcase classname="backend.tests.test_pick_excerpt" name="test_first_paragraph_too_long_is_trimmed" time="0.000" /><testcase classname="backend.tests.test_pick_excerpt" name="test_unicode_french_accents_preserved" time="0.000" /><testcase classname="backend.tests.test_pick_excerpt" name="test_unicode_typographic_punctuation_respected_in_trim" time="0.000" /><testcase classname="backend.tests.test_pick_excerpt" name="test_unicode_cjk_mixed_with_latin" time="0.000" /><testcase classname="backend.tests.test_pick_excerpt" name="test_respects_custom_max_chars_cap[50]" time="0.000" /><testcase classname="backend.tests.test_pick_excerpt" name="test_respects_custom_max_chars_cap[120]" time="0.000" /><testcase classname="backend.tests.test_pick_excerpt" name="test_respects_custom_max_chars_cap[200]" time="0.000" /><testcase classname="backend.tests.test_pick_excerpt" name="test_respects_custom_max_chars_cap[400]" time="0.000" /><testcase classname="backend.tests.test_pick_excerpt" name="test_respects_custom_max_chars_cap[1000]" time="0.000" /><testcase classname="backend.tests.test_pick_excerpt" name="test_exact_80_char_paragraph_is_quotable" time="0.000" /><testcase classname="backend.tests.test_testimonial_variant" name="test_testimonial_png_en" time="0.826" /><testcase classname="backend.tests.test_testimonial_variant" name="test_testimonial_png_fr_differs_from_en" time="0.999" /><testcase classname="backend.tests.test_testimonial_variant" name="test_testimonial_missing_excerpt_400[None]" time="0.048" /><testcase classname="backend.tests.test_testimonial_variant" name="test_testimonial_missing_excerpt_400[]" time="0.045" /><testcase classname="backend.tests.test_testimonial_variant" name="test_testimonial_missing_excerpt_400[   ]" time="0.044" /><testcase classname="backend.tests.test_testimonial_variant" name="test_testimonial_missing_excerpt_400[\n\n]" time="0.043" /><testcase classname="backend.tests.test_testimonial_variant" name="test_data_variant_default_still_works" time="0.300" /><testcase classname="backend.tests.test_testimonial_variant" name="test_data_variant_explicit_still_works" time="0.283" /><testcase classname="backend.tests.test_testimonial_variant" name="test_data_vs_testimonial_byte_differ" time="0.638" /><testcase classname="backend.tests.test_testimonial_variant" name="test_testimonial_trims_long_excerpt" time="0.352" /><testcase classname="backend.tests.test_story_variant" name="test_story_png_en" time="0.373" /><testcase classname="backend.tests.test_story_variant" name="test_story_png_fr_differs_from_en" time="0.565" /><testcase classname="backend.tests.test_story_variant" name="test_story_does_not_require_reading_excerpt" time="0.283" /><testcase classname="backend.tests.test_story_variant" name="test_story_accepts_but_ignores_excerpt" time="0.287" /><testcase classname="backend.tests.test_story_variant" name="test_default_no_variant_returns_1080x1350" time="0.293" /><testcase classname="backend.tests.test_story_variant" name="test_testimonial_still_1080x1350" time="0.318" /><testcase classname="backend.tests.test_story_variant" name="test_unknown_variant_returns_422" time="0.060" /><testcase classname="backend.tests.test_story_variant" name="test_story_differs_from_data" time="0.571" /></testsuite></testsuites>