<?xml version="1.0" encoding="utf-8"?><testsuites name="pytest tests"><testsuite name="pytest" errors="0" failures="0" skipped="0" tests="72" time="5.939" timestamp="2026-04-28T07:06:58.053545+00:00" hostname="agent-env-312be495-c3b7-43d1-a120-a03d9834ea47"><testcase classname="tests.test_daily" name="test_time_band_for_hour[0-night]" time="0.000" /><testcase classname="tests.test_daily" name="test_time_band_for_hour[4-night]" time="0.000" /><testcase classname="tests.test_daily" name="test_time_band_for_hour[5-dawn]" time="0.000" /><testcase classname="tests.test_daily" name="test_time_band_for_hour[8-dawn]" time="0.000" /><testcase classname="tests.test_daily" name="test_time_band_for_hour[9-morning]" time="0.000" /><testcase classname="tests.test_daily" name="test_time_band_for_hour[11-morning]" time="0.000" /><testcase classname="tests.test_daily" name="test_time_band_for_hour[12-midday]" time="0.000" /><testcase classname="tests.test_daily" name="test_time_band_for_hour[14-midday]" time="0.000" /><testcase classname="tests.test_daily" name="test_time_band_for_hour[15-afternoon]" time="0.000" /><testcase classname="tests.test_daily" name="test_time_band_for_hour[17-afternoon]" time="0.000" /><testcase classname="tests.test_daily" name="test_time_band_for_hour[18-evening]" time="0.000" /><testcase classname="tests.test_daily" name="test_time_band_for_hour[20-evening]" time="0.000" /><testcase classname="tests.test_daily" name="test_time_band_for_hour[21-night]" time="0.000" /><testcase classname="tests.test_daily" name="test_time_band_for_hour[23-night]" time="0.000" /><testcase classname="tests.test_daily" name="test_time_band_wraps_on_modulo" time="0.000" /><testcase classname="tests.test_daily" name="test_all_six_bands_present" time="0.000" /><testcase classname="tests.test_daily" name="test_fraction_at_reference_epoch_is_zero" time="0.000" /><testcase classname="tests.test_daily" name="test_fraction_half_synodic_is_full_moon_half" time="0.000" /><testcase classname="tests.test_daily" name="test_fraction_one_full_synodic_wraps_to_zero" time="0.000" /><testcase classname="tests.test_daily" name="test_naive_datetime_is_treated_as_utc" time="0.000" /><testcase classname="tests.test_daily" name="test_phase_at_reference_is_new" time="0.000" /><testcase classname="tests.test_daily" name="test_full_moon_approx_two_weeks_after_new" time="0.000" /><testcase classname="tests.test_daily" name="test_known_new_and_full_moons[known_date0-new]" time="0.000" /><testcase classname="tests.test_daily" name="test_known_new_and_full_moons[known_date1-full]" time="0.000" /><testcase classname="tests.test_daily" name="test_known_new_and_full_moons[known_date2-full]" time="0.000" /><testcase classname="tests.test_daily" name="test_known_new_and_full_moons[known_date3-full]" time="0.000" /><testcase classname="tests.test_daily" name="test_all_eight_phases_reachable_over_one_synodic_month" time="0.000" /><testcase classname="tests.test_daily" name="test_build_rising_returns_localized_fields_en" time="0.000" /><testcase classname="tests.test_daily" name="test_build_rising_returns_localized_fields_fr" time="0.000" /><testcase classname="tests.test_daily" name="test_build_moon_returns_english_defaults" time="0.000" /><testcase classname="tests.test_daily" name="test_build_moon_fr_has_french_name" time="0.000" /><testcase classname="tests.test_daily" name="test_every_moon_phase_has_bilingual_fields" time="0.000" /><testcase classname="tests.test_daily" name="test_every_time_band_has_bilingual_fields" time="0.000" /><testcase classname="tests.test_pick_excerpt" name="test_empty_string_returns_empty" time="0.000" /><testcase classname="tests.test_pick_excerpt" name="test_none_returns_empty" time="0.000" /><testcase classname="tests.test_pick_excerpt" name="test_whitespace_only_returns_empty" time="0.000" /><testcase classname="tests.test_pick_excerpt" name="test_single_newline_only_returns_empty" time="0.000" /><testcase classname="tests.test_pick_excerpt" name="test_short_single_paragraph_under_max_is_returned_verbatim" time="0.000" /><testcase classname="tests.test_pick_excerpt" name="test_single_paragraph_at_exact_max_is_returned_verbatim" time="0.000" /><testcase classname="tests.test_pick_excerpt" name="test_single_paragraph_over_max_trims_at_sentence_break" time="0.000" /><testcase classname="tests.test_pick_excerpt" name="test_single_paragraph_over_max_without_sentence_break_uses_ellipsis" time="0.000" /><testcase classname="tests.test_pick_excerpt" name="test_multi_paragraph_picks_first_substantive_paragraph" time="0.001" /><testcase classname="tests.test_pick_excerpt" name="test_all_paragraphs_too_short_falls_back_to_first" time="0.000" /><testcase classname="tests.test_pick_excerpt" name="test_paragraphs_separated_by_many_newlines_still_split" time="0.000" /><testcase classname="tests.test_pick_excerpt" name="test_first_paragraph_too_long_is_trimmed" time="0.000" /><testcase classname="tests.test_pick_excerpt" name="test_unicode_french_accents_preserved" time="0.001" /><testcase classname="tests.test_pick_excerpt" name="test_unicode_typographic_punctuation_respected_in_trim" time="0.000" /><testcase classname="tests.test_pick_excerpt" name="test_unicode_cjk_mixed_with_latin" time="0.000" /><testcase classname="tests.test_pick_excerpt" name="test_respects_custom_max_chars_cap[50]" time="0.001" /><testcase classname="tests.test_pick_excerpt" name="test_respects_custom_max_chars_cap[120]" time="0.000" /><testcase classname="tests.test_pick_excerpt" name="test_respects_custom_max_chars_cap[200]" time="0.000" /><testcase classname="tests.test_pick_excerpt" name="test_respects_custom_max_chars_cap[400]" time="0.000" /><testcase classname="tests.test_pick_excerpt" name="test_respects_custom_max_chars_cap[1000]" time="0.001" /><testcase classname="tests.test_pick_excerpt" name="test_exact_80_char_paragraph_is_quotable" time="0.001" /><testcase classname="tests.test_testimonial_variant" name="test_testimonial_png_en" time="0.613" /><testcase classname="tests.test_testimonial_variant" name="test_testimonial_png_fr_differs_from_en" time="0.681" /><testcase classname="tests.test_testimonial_variant" name="test_testimonial_missing_excerpt_400[None]" time="0.067" /><testcase classname="tests.test_testimonial_variant" name="test_testimonial_missing_excerpt_400[]" time="0.050" /><testcase classname="tests.test_testimonial_variant" name="test_testimonial_missing_excerpt_400[   ]" time="0.046" /><testcase classname="tests.test_testimonial_variant" name="test_testimonial_missing_excerpt_400[\n\n]" time="0.047" /><testcase classname="tests.test_testimonial_variant" name="test_data_variant_default_still_works" time="0.286" /><testcase classname="tests.test_testimonial_variant" name="test_data_variant_explicit_still_works" time="0.286" /><testcase classname="tests.test_testimonial_variant" name="test_data_vs_testimonial_byte_differ" time="0.648" /><testcase classname="tests.test_testimonial_variant" name="test_testimonial_trims_long_excerpt" time="0.355" /><testcase classname="tests.test_story_variant" name="test_story_png_en" time="0.400" /><testcase classname="tests.test_story_variant" name="test_story_png_fr_differs_from_en" time="0.556" /><testcase classname="tests.test_story_variant" name="test_story_does_not_require_reading_excerpt" time="0.282" /><testcase classname="tests.test_story_variant" name="test_story_accepts_but_ignores_excerpt" time="0.283" /><testcase classname="tests.test_story_variant" name="test_default_no_variant_returns_1080x1350" time="0.291" /><testcase classname="tests.test_story_variant" name="test_testimonial_still_1080x1350" time="0.315" /><testcase classname="tests.test_story_variant" name="test_unknown_variant_returns_422" time="0.046" /><testcase classname="tests.test_story_variant" name="test_story_differs_from_data" time="0.565" /></testsuite></testsuites>