<?xml version="1.0" encoding="utf-8"?><testsuites name="pytest tests"><testsuite name="pytest" errors="0" failures="0" skipped="0" tests="14" time="21.014" timestamp="2026-04-28T08:08:13.735424+00:00" hostname="agent-env-312be495-c3b7-43d1-a120-a03d9834ea47"><testcase classname="tests.test_iteration6.TestDailyOnDate" name="test_daily_on_date_birth_trio" time="0.282" /><testcase classname="tests.test_iteration6.TestDailyOnDate" name="test_daily_on_date_hour3_wraps_to_night" time="0.132" /><testcase classname="tests.test_iteration6.TestDailyOnDate" name="test_daily_on_date_wrong_format_returns_422" time="0.111" /><testcase classname="tests.test_iteration6.TestDailyOnDate" name="test_daily_on_date_invalid_calendar_returns_422" time="0.152" /><testcase classname="tests.test_iteration6.TestGaiascope" name="test_gaiascope_en_full" time="6.650" /><testcase classname="tests.test_iteration6.TestGaiascope" name="test_gaiascope_no_hour_rising_null" time="4.851" /><testcase classname="tests.test_iteration6.TestGaiascope" name="test_gaiascope_fr_returns_french" time="7.336" /><testcase classname="tests.test_iteration6.TestGaiascope" name="test_gaiascope_invalid_birthdate_format_422" time="0.122" /><testcase classname="tests.test_iteration6.TestGaiascope" name="test_gaiascope_invalid_birthdate_calendar_422" time="0.130" /><testcase classname="tests.test_iteration6.TestGaiascope" name="test_gaiascope_hour_out_of_range_422" time="0.249" /><testcase classname="tests.test_iteration6.TestRegression" name="test_health" time="0.099" /><testcase classname="tests.test_iteration6.TestRegression" name="test_daily_no_on_date" time="0.098" /><testcase classname="tests.test_iteration6.TestRegression" name="test_share_card_testimonial" time="0.358" /><testcase classname="tests.test_iteration6.TestRegression" name="test_share_card_data" time="0.356" /></testsuite></testsuites>