<?xml version="1.0" encoding="utf-8"?><testsuites name="pytest tests"><testsuite name="pytest" errors="0" failures="0" skipped="0" tests="15" time="6.916" timestamp="2026-05-02T17:44:14.720118+00:00" hostname="agent-env-7dbc7f33-40e3-41e2-bb59-e4b6b80575de"><testcase classname="backend.tests.test_echo_api.TestHealth" name="test_root" time="1.509" /><testcase classname="backend.tests.test_echo_api.TestMeta" name="test_voices" time="0.060" /><testcase classname="backend.tests.test_echo_api.TestMeta" name="test_sample_text" time="0.050" /><testcase classname="backend.tests.test_echo_api.TestTTS" name="test_tts_success" time="1.503" /><testcase classname="backend.tests.test_echo_api.TestTTS" name="test_tts_empty_text_400" time="0.054" /><testcase classname="backend.tests.test_echo_api.TestTTS" name="test_tts_over_limit_413" time="0.049" /><testcase classname="backend.tests.test_echo_api.TestTTS" name="test_tts_invalid_voice_fallback" time="0.718" /><testcase classname="backend.tests.test_echo_api.TestParseFile" name="test_parse_txt" time="0.065" /><testcase classname="backend.tests.test_echo_api.TestParseFile" name="test_parse_md" time="0.058" /><testcase classname="backend.tests.test_echo_api.TestParseFile" name="test_parse_unsupported_415" time="0.055" /><testcase classname="backend.tests.test_echo_api.TestParseFile" name="test_parse_empty_400" time="0.053" /><testcase classname="backend.tests.test_echo_api.TestDrafts" name="test_drafts_roundtrip" time="0.121" /><testcase classname="backend.tests.test_echo_api.TestTranscripts" name="test_transcripts_roundtrip" time="0.119" /><testcase classname="backend.tests.test_echo_api.TestSTT" name="test_stt_transcribe" time="2.224" /><testcase classname="backend.tests.test_echo_api.TestSTT" name="test_stt_empty_400" time="0.051" /></testsuite></testsuites>