<?xml version="1.0" encoding="utf-8"?><testsuites name="pytest tests"><testsuite name="pytest" errors="0" failures="0" skipped="0" tests="5" time="107.939" timestamp="2026-04-28T03:08:47.330280+00:00" hostname="agent-env-312be495-c3b7-43d1-a120-a03d9834ea47"><testcase classname="tests.test_gaia_api" name="test_health" time="0.225" /><testcase classname="tests.test_gaia_api" name="test_daily" time="0.044" /><testcase classname="tests.test_gaia_api" name="test_reading_en" time="21.817" /><testcase classname="tests.test_gaia_api" name="test_reading_fr" time="31.600" /><testcase classname="tests.test_gaia_api" name="test_reading_varies_between_births" time="54.082" /></testsuite></testsuites>