<?xml version="1.0" encoding="utf-8"?><testsuites name="pytest tests"><testsuite name="pytest" errors="0" failures="0" skipped="0" tests="14" time="23.982" timestamp="2026-04-28T03:56:08.257427+00:00" hostname="agent-env-312be495-c3b7-43d1-a120-a03d9834ea47"><testcase classname="backend.tests.test_share_card" name="test_share_card_png_en" time="0.524" /><testcase classname="backend.tests.test_share_card" name="test_share_card_png_fr" time="0.296" /><testcase classname="backend.tests.test_share_card" name="test_share_card_lang_variation" time="0.580" /><testcase classname="backend.tests.test_share_card" name="test_share_card_rejects_bad_date[06/21/1992]" time="0.046" /><testcase classname="backend.tests.test_share_card" name="test_share_card_rejects_bad_date[1992-6-21]" time="0.052" /><testcase classname="backend.tests.test_share_card" name="test_share_card_rejects_bad_date[abc]" time="0.050" /><testcase classname="backend.tests.test_share_card" name="test_share_card_rejects_bad_date[1992/06/21]" time="0.050" /><testcase classname="backend.tests.test_share_card" name="test_share_card_rejects_bad_date[]" time="0.046" /><testcase classname="backend.tests.test_share_card" name="test_share_card_rejects_bad_date[2020-13-01]" time="0.044" /><testcase classname="backend.tests.test_share_card" name="test_share_card_rejects_bad_date[2020-02-30]" time="0.047" /><testcase classname="backend.tests.test_share_card" name="test_reading_rejects_bad_date[06/21/1992]" time="0.046" /><testcase classname="backend.tests.test_share_card" name="test_reading_rejects_bad_date[1992-6-21]" time="0.045" /><testcase classname="backend.tests.test_share_card" name="test_reading_rejects_bad_date[abc]" time="0.046" /><testcase classname="backend.tests.test_share_card" name="test_reading_accepts_iso_date" time="21.934" /></testsuite></testsuites>