<?xml version="1.0" encoding="utf-8"?><testsuites name="pytest tests"><testsuite name="pytest" errors="0" failures="0" skipped="0" tests="10" time="3.147" timestamp="2026-04-28T04:22:40.705972+00:00" hostname="agent-env-312be495-c3b7-43d1-a120-a03d9834ea47"><testcase classname="backend.tests.test_testimonial_variant" name="test_testimonial_png_en" time="0.637" /><testcase classname="backend.tests.test_testimonial_variant" name="test_testimonial_png_fr_differs_from_en" time="0.665" /><testcase classname="backend.tests.test_testimonial_variant" name="test_testimonial_missing_excerpt_400[None]" time="0.054" /><testcase classname="backend.tests.test_testimonial_variant" name="test_testimonial_missing_excerpt_400[]" time="0.043" /><testcase classname="backend.tests.test_testimonial_variant" name="test_testimonial_missing_excerpt_400[   ]" time="0.048" /><testcase classname="backend.tests.test_testimonial_variant" name="test_testimonial_missing_excerpt_400[\n\n]" time="0.046" /><testcase classname="backend.tests.test_testimonial_variant" name="test_data_variant_default_still_works" time="0.283" /><testcase classname="backend.tests.test_testimonial_variant" name="test_data_variant_explicit_still_works" time="0.289" /><testcase classname="backend.tests.test_testimonial_variant" name="test_data_vs_testimonial_byte_differ" time="0.650" /><testcase classname="backend.tests.test_testimonial_variant" name="test_testimonial_trims_long_excerpt" time="0.351" /></testsuite></testsuites>